<?xml version="1.0" encoding="UTF-8"?>
<!-- Generated by org.testng.reporters.JUnitReportReporter -->
<testsuite ignored="0" hostname="LAPTOP-GS7AMB9M" failures="0" tests="1" name="com.experitest.auto.AndroidDemoTest" time="32.467" errors="0" timestamp="09 Nov 2021 17:10:56 GMT" skipped="0">
  <testcase classname="com.experitest.auto.AndroidDemoTest" name="test" time="32.467"/>
</testsuite> <!-- com.experitest.auto.AndroidDemoTest -->
