<?xml version="1.0" encoding="UTF-8"?>
<!-- Generated by org.testng.reporters.JUnitReportReporter -->
<testsuite ignored="0" hostname="LAPTOP-GS7AMB9M" failures="0" tests="1" name="com.experitest.auto.IOSDemoTest" time="25.809" errors="0" timestamp="08 Nov 2021 17:35:51 GMT" skipped="0">
  <testcase classname="com.experitest.auto.IOSDemoTest" name="test" time="25.809"/>
</testsuite> <!-- com.experitest.auto.IOSDemoTest -->
