<?xml version="1.0" encoding="UTF-8"?>
<!-- Generated by org.testng.reporters.JUnitReportReporter -->
<testsuite hostname="LAPTOP-GS7AMB9M" name="example.NewTest" tests="1" failures="0" timestamp="29 Oct 2021 10:19:21 GMT" time="4.070" errors="0">
  <testcase name="testEasy" time="4.070" classname="example.NewTest"/>
</testsuite> <!-- example.NewTest -->
